[0m12:01:26.370066 [debug] [MainThread]: Sending event: {'category': 'dbt', 'action': 'invocation', 'label': 'start', 'context': [<snowplow_tracker.self_describing_json.SelfDescribingJson object at 0x000002C2165E1940>, <snowplow_tracker.self_describing_json.SelfDescribingJson object at 0x000002C2147A8E10>, <snowplow_tracker.self_describing_json.SelfDescribingJson object at 0x000002C21772BED0>]}


============================== 12:01:26.379814 | 7bb06e54-8ec7-430c-842d-1a841e0a31bb ==============================
[0m12:01:26.379814 [info ] [MainThread]: Running with dbt=1.9.2
[0m12:01:26.381005 [debug] [MainThread]: running dbt with arguments {'printer_width': '80', 'indirect_selection': 'eager', 'write_json': 'True', 'log_cache_events': 'False', 'partial_parse': 'True', 'cache_selected_only': 'False', 'warn_error': 'None', 'debug': 'False', 'version_check': 'True', 'log_path': 'logs', 'fail_fast': 'False', 'profiles_dir': 'C:\\Users\\HP\\.dbt', 'use_colors': 'True', 'use_experimental_parser': 'False', 'empty': 'None', 'quiet': 'False', 'no_print': 'None', 'log_format': 'default', 'invocation_command': 'dbt init ethiopian_medical', 'warn_error_options': 'WarnErrorOptions(include=[], exclude=[])', 'introspect': 'True', 'target_path': 'None', 'static_parser': 'True', 'send_anonymous_usage_stats': 'True'}
[0m12:01:26.435697 [warn ] [MainThread]: [ConfigFolderDirectory]: Unable to parse logging event dictionary. Failed to parse dir field: expected string or bytes-like object, got 'WindowsPath'.. Dictionary: {'dir': WindowsPath('C:/Users/HP/.dbt')}
[0m12:01:26.436700 [info ] [MainThread]: Creating dbt configuration folder at 
[0m12:01:26.441971 [debug] [MainThread]: Starter project path: C:\Users\HP\Desktop\10 Acadamy\AIM Week-7\AIM_WEEK_7\kara\Lib\site-packages\dbt\include\starter_project
[0m12:01:26.483585 [info ] [MainThread]: 
Your new dbt project "ethiopian_medical" was created!

For more information on how to configure the profiles.yml file,
please consult the dbt documentation here:

  https://docs.getdbt.com/docs/configure-your-profile

One more thing:

Need help? Don't hesitate to reach out to us via GitHub issues or on Slack:

  https://community.getdbt.com/

Happy modeling!

[0m12:01:26.485944 [info ] [MainThread]: Setting up your profile.
[0m12:18:22.419908 [info ] [MainThread]: Profile ethiopian_medical written to C:\Users\HP\.dbt\profiles.yml using target's profile_template.yml and your supplied values. Run 'dbt debug' to validate the connection.
[0m12:18:22.422626 [debug] [MainThread]: Command `dbt init` succeeded at 12:18:22.422346 after 1016.28 seconds
[0m12:18:22.423446 [debug] [MainThread]: Sending event: {'category': 'dbt', 'action': 'invocation', 'label': 'end', 'context': [<snowplow_tracker.self_describing_json.SelfDescribingJson object at 0x000002C2178F5480>, <snowplow_tracker.self_describing_json.SelfDescribingJson object at 0x000002C2177CB530>, <snowplow_tracker.self_describing_json.SelfDescribingJson object at 0x000002C2176067A0>]}
[0m12:18:22.424252 [debug] [MainThread]: Flushing usage events
[0m12:18:23.725291 [debug] [MainThread]: An error was encountered while trying to flush usage events
[0m12:19:15.123612 [debug] [MainThread]: Sending event: {'category': 'dbt', 'action': 'invocation', 'label': 'start', 'context': [<snowplow_tracker.self_describing_json.SelfDescribingJson object at 0x0000026DB7625940>, <snowplow_tracker.self_describing_json.SelfDescribingJson object at 0x0000026DB875FED0>, <snowplow_tracker.self_describing_json.SelfDescribingJson object at 0x0000026DB875FD90>]}


============================== 12:19:15.131551 | 7db44842-c286-4697-baed-d52c289a6038 ==============================
[0m12:19:15.131551 [info ] [MainThread]: Running with dbt=1.9.2
[0m12:19:15.132577 [debug] [MainThread]: running dbt with arguments {'printer_width': '80', 'indirect_selection': 'eager', 'log_cache_events': 'False', 'write_json': 'True', 'partial_parse': 'True', 'cache_selected_only': 'False', 'warn_error': 'None', 'version_check': 'True', 'fail_fast': 'False', 'log_path': 'logs', 'debug': 'False', 'profiles_dir': 'C:\\Users\\HP\\.dbt', 'use_colors': 'True', 'use_experimental_parser': 'False', 'no_print': 'None', 'quiet': 'False', 'empty': 'False', 'log_format': 'default', 'introspect': 'True', 'static_parser': 'True', 'warn_error_options': 'WarnErrorOptions(include=[], exclude=[])', 'target_path': 'None', 'invocation_command': 'dbt run', 'send_anonymous_usage_stats': 'True'}
[0m12:19:15.133566 [error] [MainThread]: Encountered an error:
Runtime Error
  No dbt_project.yml found at expected path C:\Users\HP\Desktop\10 Acadamy\AIM Week-7\AIM_WEEK_7\dbt_project.yml
  Verify that each entry within packages.yml (and their transitive dependencies) contains a file named dbt_project.yml
  
[0m12:19:15.136165 [debug] [MainThread]: Command `dbt run` failed at 12:19:15.135971 after 0.24 seconds
[0m12:19:15.136589 [debug] [MainThread]: Sending event: {'category': 'dbt', 'action': 'invocation', 'label': 'end', 'context': [<snowplow_tracker.self_describing_json.SelfDescribingJson object at 0x0000026DB87795B0>, <snowplow_tracker.self_describing_json.SelfDescribingJson object at 0x0000026DB863F1D0>, <snowplow_tracker.self_describing_json.SelfDescribingJson object at 0x0000026DB8635D00>]}
[0m12:19:15.136964 [debug] [MainThread]: Flushing usage events
[0m12:19:16.315275 [debug] [MainThread]: An error was encountered while trying to flush usage events
